# JRE version: Java(TM) SE Runtime Environment (17.0.3+8) (build 17.0.3+8-LTS-111)
# Java VM: Java HotSpot(TM) 64-Bit Server VM (17.0.3+8-LTS-111, mixed mode, sharing, tiered, compressed oops, compressed class ptrs, g1 gc, bsd-aarch64)
GC Precious Log:
 CPUs: 8 total, 8 available
 Memory: 16384M
 Large Page Support: Disabled
 NUMA Support: Disabled
 Compressed Oops: Enabled (Zero based)
 Heap Region Size: 2M
 Heap Min Capacity: 8M
 Heap Initial Capacity: 256M
 Heap Max Capacity: 4G
 Pre-touch: Disabled
 Parallel Workers: 8
 Concurrent Workers: 2
 Concurrent Refinement Workers: 8
 Periodic GC: Disabled
Heap:
 garbage-first heap   total 266240K, used 106926K [0x0000000700000000, 0x0000000800000000)
  region size 2048K, 40 young (81920K), 2 survivors (4096K)
 Metaspace       used 11468K, committed 11648K, reserved 1064960K
  class space    used 1343K, committed 1408K, reserved 1048576K
GC Heap History (10 events):
Event: 1.159 GC heap before
{Heap before GC invocations=0 (full 0):
 garbage-first heap   total 266240K, used 24544K [0x0000000700000000, 0x0000000800000000)
  region size 2048K, 11 young (22528K), 0 survivors (0K)
 Metaspace       used 6506K, committed 6656K, reserved 1056768K
  class space    used 782K, committed 832K, reserved 1048576K
}
Event: 1.162 GC heap after
{Heap after GC invocations=1 (full 0):
 garbage-first heap   total 266240K, used 5104K [0x0000000700000000, 0x0000000800000000)
  region size 2048K, 2 young (4096K), 2 survivors (4096K)
 Metaspace       used 6506K, committed 6656K, reserved 1056768K
  class space    used 782K, committed 832K, reserved 1048576K
}
Event: 5.402 GC heap before
{Heap before GC invocations=1 (full 0):
 garbage-first heap   total 266240K, used 58352K [0x0000000700000000, 0x0000000800000000)
  region size 2048K, 28 young (57344K), 2 survivors (4096K)
 Metaspace       used 7719K, committed 7872K, reserved 1056768K
  class space    used 886K, committed 960K, reserved 1048576K
}
Event: 5.410 GC heap after
{Heap after GC invocations=2 (full 0):
 garbage-first heap   total 266240K, used 15079K [0x0000000700000000, 0x0000000800000000)
  region size 2048K, 4 young (8192K), 4 survivors (8192K)
 Metaspace       used 7719K, committed 7872K, reserved 1056768K
  class space    used 886K, committed 960K, reserved 1048576K
}
Event: 5.828 GC heap before
{Heap before GC invocations=2 (full 0):
 garbage-first heap   total 266240K, used 47847K [0x0000000700000000, 0x0000000800000000)
  region size 2048K, 20 young (40960K), 4 survivors (8192K)
 Metaspace       used 10817K, committed 10944K, reserved 1064960K
  class space    used 1287K, committed 1344K, reserved 1048576K
}
Event: 5.838 GC heap after
{Heap after GC invocations=3 (full 0):
 garbage-first heap   total 266240K, used 27372K [0x0000000700000000, 0x0000000800000000)
  region size 2048K, 3 young (6144K), 3 survivors (6144K)
 Metaspace       used 10817K, committed 10944K, reserved 1064960K
  class space    used 1287K, committed 1344K, reserved 1048576K
}
Event: 10.983 GC heap before
{Heap before GC invocations=3 (full 0):
 garbage-first heap   total 266240K, used 70380K [0x0000000700000000, 0x0000000800000000)
  region size 2048K, 24 young (49152K), 3 survivors (6144K)
 Metaspace       used 11394K, committed 11584K, reserved 1064960K
  class space    used 1343K, committed 1408K, reserved 1048576K
}
Event: 10.987 GC heap after
{Heap after GC invocations=4 (full 0):
 garbage-first heap   total 266240K, used 31161K [0x0000000700000000, 0x0000000800000000)
  region size 2048K, 2 young (4096K), 2 survivors (4096K)
 Metaspace       used 11394K, committed 11584K, reserved 1064960K
  class space    used 1343K, committed 1408K, reserved 1048576K
}
Event: 12.822 GC heap before
{Heap before GC invocations=4 (full 0):
 garbage-first heap   total 266240K, used 133561K [0x0000000700000000, 0x0000000800000000)
  region size 2048K, 52 young (106496K), 2 survivors (4096K)
 Metaspace       used 11429K, committed 11584K, reserved 1064960K
  class space    used 1343K, committed 1408K, reserved 1048576K
}
Event: 12.823 GC heap after
{Heap after GC invocations=5 (full 0):
 garbage-first heap   total 266240K, used 31150K [0x0000000700000000, 0x0000000800000000)
  region size 2048K, 2 young (4096K), 2 survivors (4096K)
 Metaspace       used 11429K, committed 11584K, reserved 1064960K
  class space    used 1343K, committed 1408K, reserved 1048576K
}

