# JRE version: OpenJDK Runtime Environment (17.0+35) (build 17+35-2724)
# Java VM: OpenJDK 64-Bit Server VM (17+35-2724, mixed mode, sharing, tiered, compressed oops, compressed class ptrs, g1 gc, bsd-aarch64)
GC Precious Log:
 CPUs: 8 total, 8 available
 Memory: 16384M
 Large Page Support: Disabled
 NUMA Support: Disabled
 Compressed Oops: Enabled (Zero based)
 Heap Region Size: 2M
 Heap Min Capacity: 8M
 Heap Initial Capacity: 256M
 Heap Max Capacity: 4G
 Pre-touch: Disabled
 Parallel Workers: 8
 Concurrent Workers: 2
 Concurrent Refinement Workers: 8
 Periodic GC: Disabled
Heap:
 garbage-first heap   total 266240K, used 155744K [0x0000000700000000, 0x0000000800000000)
  region size 2048K, 50 young (102400K), 3 survivors (6144K)
 Metaspace       used 8206K, committed 8384K, reserved 1064960K
  class space    used 1056K, committed 1152K, reserved 1048576K
GC Heap History (14 events):
Event: 0.256 GC heap before
{Heap before GC invocations=0 (full 0):
 garbage-first heap   total 266240K, used 24544K [0x0000000700000000, 0x0000000800000000)
  region size 2048K, 11 young (22528K), 0 survivors (0K)
 Metaspace       used 4449K, committed 4608K, reserved 1056768K
  class space    used 562K, committed 640K, reserved 1048576K
}
Event: 0.258 GC heap after
{Heap after GC invocations=1 (full 0):
 garbage-first heap   total 266240K, used 5725K [0x0000000700000000, 0x0000000800000000)
  region size 2048K, 2 young (4096K), 2 survivors (4096K)
 Metaspace       used 4449K, committed 4608K, reserved 1056768K
  class space    used 562K, committed 640K, reserved 1048576K
}
Event: 0.480 GC heap before
{Heap before GC invocations=1 (full 0):
 garbage-first heap   total 266240K, used 56925K [0x0000000700000000, 0x0000000800000000)
  region size 2048K, 27 young (55296K), 2 survivors (4096K)
 Metaspace       used 6985K, committed 7104K, reserved 1064960K
  class space    used 900K, committed 960K, reserved 1048576K
}
Event: 0.497 GC heap after
{Heap after GC invocations=2 (full 0):
 garbage-first heap   total 266240K, used 36632K [0x0000000700000000, 0x0000000800000000)
  region size 2048K, 4 young (8192K), 4 survivors (8192K)
 Metaspace       used 6985K, committed 7104K, reserved 1064960K
  class space    used 900K, committed 960K, reserved 1048576K
}
Event: 0.805 GC heap before
{Heap before GC invocations=2 (full 0):
 garbage-first heap   total 266240K, used 59160K [0x0000000700000000, 0x0000000800000000)
  region size 2048K, 15 young (30720K), 4 survivors (8192K)
 Metaspace       used 7903K, committed 8128K, reserved 1064960K
  class space    used 1010K, committed 1152K, reserved 1048576K
}
Event: 0.815 GC heap after
{Heap after GC invocations=3 (full 0):
 garbage-first heap   total 266240K, used 51168K [0x0000000700000000, 0x0000000800000000)
  region size 2048K, 2 young (4096K), 2 survivors (4096K)
 Metaspace       used 7903K, committed 8128K, reserved 1064960K
  class space    used 1010K, committed 1152K, reserved 1048576K
}
Event: 2.574 GC heap before
{Heap before GC invocations=3 (full 0):
 garbage-first heap   total 266240K, used 69600K [0x0000000700000000, 0x0000000800000000)
  region size 2048K, 11 young (22528K), 2 survivors (4096K)
 Metaspace       used 8111K, committed 8256K, reserved 1064960K
  class space    used 1056K, committed 1152K, reserved 1048576K
}
Event: 2.580 GC heap after
{Heap after GC invocations=4 (full 0):
 garbage-first heap   total 266240K, used 58455K [0x0000000700000000, 0x0000000800000000)
  region size 2048K, 2 young (4096K), 2 survivors (4096K)
 Metaspace       used 8111K, committed 8256K, reserved 1064960K
  class space    used 1056K, committed 1152K, reserved 1048576K
}
Event: 2.802 GC heap before
{Heap before GC invocations=4 (full 0):
 garbage-first heap   total 266240K, used 87127K [0x0000000700000000, 0x0000000800000000)
  region size 2048K, 16 young (32768K), 2 survivors (4096K)
 Metaspace       used 8112K, committed 8256K, reserved 1064960K
  class space    used 1056K, committed 1152K, reserved 1048576K
}
Event: 2.805 GC heap after
{Heap after GC invocations=5 (full 0):
 garbage-first heap   total 266240K, used 61408K [0x0000000700000000, 0x0000000800000000)
  region size 2048K, 2 young (4096K), 2 survivors (4096K)
 Metaspace       used 8112K, committed 8256K, reserved 1064960K
  class space    used 1056K, committed 1152K, reserved 1048576K
}
Event: 3.589 GC heap before
{Heap before GC invocations=5 (full 0):
 garbage-first heap   total 266240K, used 108512K [0x0000000700000000, 0x0000000800000000)
  region size 2048K, 25 young (51200K), 2 survivors (4096K)
 Metaspace       used 8135K, committed 8320K, reserved 1064960K
  class space    used 1056K, committed 1152K, reserved 1048576K
}
Event: 3.590 GC heap after
{Heap after GC invocations=6 (full 0):
 garbage-first heap   total 266240K, used 61538K [0x0000000700000000, 0x0000000800000000)
  region size 2048K, 3 young (6144K), 3 survivors (6144K)
 Metaspace       used 8135K, committed 8320K, reserved 1064960K
  class space    used 1056K, committed 1152K, reserved 1048576K
}
Event: 4.505 GC heap before
{Heap before GC invocations=6 (full 0):
 garbage-first heap   total 266240K, used 135266K [0x0000000700000000, 0x0000000800000000)
  region size 2048K, 39 young (79872K), 3 survivors (6144K)
 Metaspace       used 8154K, committed 8384K, reserved 1064960K
  class space    used 1056K, committed 1152K, reserved 1048576K
}
Event: 4.507 GC heap after
{Heap after GC invocations=7 (full 0):
 garbage-first heap   total 266240K, used 61536K [0x0000000700000000, 0x0000000800000000)
  region size 2048K, 3 young (6144K), 3 survivors (6144K)
 Metaspace       used 8154K, committed 8384K, reserved 1064960K
  class space    used 1056K, committed 1152K, reserved 1048576K
}

