# JRE version: Java(TM) SE Runtime Environment (17.0.3+8) (build 17.0.3+8-LTS-111)
# Java VM: Java HotSpot(TM) 64-Bit Server VM (17.0.3+8-LTS-111, mixed mode, sharing, tiered, compressed oops, compressed class ptrs, g1 gc, bsd-aarch64)
GC Precious Log:
 CPUs: 8 total, 8 available
 Memory: 16384M
 Large Page Support: Disabled
 NUMA Support: Disabled
 Compressed Oops: Enabled (Zero based)
 Heap Region Size: 2M
 Heap Min Capacity: 8M
 Heap Initial Capacity: 256M
 Heap Max Capacity: 4G
 Pre-touch: Disabled
 Parallel Workers: 8
 Concurrent Workers: 2
 Concurrent Refinement Workers: 8
 Periodic GC: Disabled
Heap:
 garbage-first heap   total 266240K, used 144261K [0x0000000700000000, 0x0000000800000000)
  region size 2048K, 58 young (118784K), 2 survivors (4096K)
 Metaspace       used 11483K, committed 11648K, reserved 1064960K
  class space    used 1344K, committed 1408K, reserved 1048576K
GC Heap History (10 events):
Event: 2.850 GC heap before
{Heap before GC invocations=0 (full 0):
 garbage-first heap   total 266240K, used 24544K [0x0000000700000000, 0x0000000800000000)
  region size 2048K, 11 young (22528K), 0 survivors (0K)
 Metaspace       used 6566K, committed 6720K, reserved 1056768K
  class space    used 782K, committed 832K, reserved 1048576K
}
Event: 2.853 GC heap after
{Heap after GC invocations=1 (full 0):
 garbage-first heap   total 266240K, used 4975K [0x0000000700000000, 0x0000000800000000)
  region size 2048K, 2 young (4096K), 2 survivors (4096K)
 Metaspace       used 6566K, committed 6720K, reserved 1056768K
  class space    used 782K, committed 832K, reserved 1048576K
}
Event: 5.694 GC heap before
{Heap before GC invocations=1 (full 0):
 garbage-first heap   total 266240K, used 60271K [0x0000000700000000, 0x0000000800000000)
  region size 2048K, 29 young (59392K), 2 survivors (4096K)
 Metaspace       used 7766K, committed 7936K, reserved 1056768K
  class space    used 886K, committed 960K, reserved 1048576K
}
Event: 5.703 GC heap after
{Heap after GC invocations=2 (full 0):
 garbage-first heap   total 266240K, used 16817K [0x0000000700000000, 0x0000000800000000)
  region size 2048K, 4 young (8192K), 4 survivors (8192K)
 Metaspace       used 7766K, committed 7936K, reserved 1056768K
  class space    used 886K, committed 960K, reserved 1048576K
}
Event: 6.036 GC heap before
{Heap before GC invocations=2 (full 0):
 garbage-first heap   total 266240K, used 47537K [0x0000000700000000, 0x0000000800000000)
  region size 2048K, 19 young (38912K), 4 survivors (8192K)
 Metaspace       used 10826K, committed 10944K, reserved 1064960K
  class space    used 1288K, committed 1344K, reserved 1048576K
}
Event: 6.044 GC heap after
{Heap after GC invocations=3 (full 0):
 garbage-first heap   total 266240K, used 28640K [0x0000000700000000, 0x0000000800000000)
  region size 2048K, 3 young (6144K), 3 survivors (6144K)
 Metaspace       used 10826K, committed 10944K, reserved 1064960K
  class space    used 1288K, committed 1344K, reserved 1048576K
}
Event: 10.106 GC heap before
{Heap before GC invocations=3 (full 0):
 garbage-first heap   total 266240K, used 61408K [0x0000000700000000, 0x0000000800000000)
  region size 2048K, 19 young (38912K), 3 survivors (6144K)
 Metaspace       used 10993K, committed 11136K, reserved 1064960K
  class space    used 1300K, committed 1344K, reserved 1048576K
}
Event: 10.110 GC heap after
{Heap after GC invocations=4 (full 0):
 garbage-first heap   total 266240K, used 31464K [0x0000000700000000, 0x0000000800000000)
  region size 2048K, 2 young (4096K), 2 survivors (4096K)
 Metaspace       used 10993K, committed 11136K, reserved 1064960K
  class space    used 1300K, committed 1344K, reserved 1048576K
}
Event: 12.089 GC heap before
{Heap before GC invocations=4 (full 0):
 garbage-first heap   total 266240K, used 109288K [0x0000000700000000, 0x0000000800000000)
  region size 2048K, 40 young (81920K), 2 survivors (4096K)
 Metaspace       used 11419K, committed 11584K, reserved 1064960K
  class space    used 1344K, committed 1408K, reserved 1048576K
}
Event: 12.092 GC heap after
{Heap after GC invocations=5 (full 0):
 garbage-first heap   total 266240K, used 31621K [0x0000000700000000, 0x0000000800000000)
  region size 2048K, 2 young (4096K), 2 survivors (4096K)
 Metaspace       used 11419K, committed 11584K, reserved 1064960K
  class space    used 1344K, committed 1408K, reserved 1048576K
}

