# JRE version: Java(TM) SE Runtime Environment (17.0.3+8) (build 17.0.3+8-LTS-111)
# Java VM: Java HotSpot(TM) 64-Bit Server VM (17.0.3+8-LTS-111, mixed mode, sharing, tiered, compressed oops, compressed class ptrs, g1 gc, bsd-aarch64)
GC Precious Log:
 CPUs: 8 total, 8 available
 Memory: 16384M
 Large Page Support: Disabled
 NUMA Support: Disabled
 Compressed Oops: Enabled (Zero based)
 Heap Region Size: 2M
 Heap Min Capacity: 8M
 Heap Initial Capacity: 256M
 Heap Max Capacity: 4G
 Pre-touch: Disabled
 Parallel Workers: 8
 Concurrent Workers: 2
 Concurrent Refinement Workers: 8
 Periodic GC: Disabled
Heap:
 garbage-first heap   total 266240K, used 38377K [0x0000000700000000, 0x0000000800000000)
  region size 2048K, 5 young (10240K), 1 survivors (2048K)
 Metaspace       used 11379K, committed 11520K, reserved 1064960K
  class space    used 1342K, committed 1408K, reserved 1048576K
GC Heap History (12 events):
Event: 2.012 GC heap before
{Heap before GC invocations=0 (full 0):
 garbage-first heap   total 266240K, used 24544K [0x0000000700000000, 0x0000000800000000)
  region size 2048K, 11 young (22528K), 0 survivors (0K)
 Metaspace       used 6528K, committed 6656K, reserved 1056768K
  class space    used 782K, committed 832K, reserved 1048576K
}
Event: 2.015 GC heap after
{Heap after GC invocations=1 (full 0):
 garbage-first heap   total 266240K, used 5206K [0x0000000700000000, 0x0000000800000000)
  region size 2048K, 2 young (4096K), 2 survivors (4096K)
 Metaspace       used 6528K, committed 6656K, reserved 1056768K
  class space    used 782K, committed 832K, reserved 1048576K
}
Event: 5.665 GC heap before
{Heap before GC invocations=1 (full 0):
 garbage-first heap   total 266240K, used 58454K [0x0000000700000000, 0x0000000800000000)
  region size 2048K, 28 young (57344K), 2 survivors (4096K)
 Metaspace       used 7739K, committed 7872K, reserved 1056768K
  class space    used 886K, committed 960K, reserved 1048576K
}
Event: 5.671 GC heap after
{Heap after GC invocations=2 (full 0):
 garbage-first heap   total 266240K, used 15423K [0x0000000700000000, 0x0000000800000000)
  region size 2048K, 4 young (8192K), 4 survivors (8192K)
 Metaspace       used 7739K, committed 7872K, reserved 1056768K
  class space    used 886K, committed 960K, reserved 1048576K
}
Event: 7.433 GC heap before
{Heap before GC invocations=2 (full 0):
 garbage-first heap   total 266240K, used 70719K [0x0000000700000000, 0x0000000800000000)
  region size 2048K, 31 young (63488K), 4 survivors (8192K)
 Metaspace       used 11269K, committed 11456K, reserved 1064960K
  class space    used 1338K, committed 1408K, reserved 1048576K
}
Event: 7.441 GC heap after
{Heap after GC invocations=3 (full 0):
 garbage-first heap   total 266240K, used 30606K [0x0000000700000000, 0x0000000800000000)
  region size 2048K, 4 young (8192K), 4 survivors (8192K)
 Metaspace       used 11269K, committed 11456K, reserved 1064960K
  class space    used 1338K, committed 1408K, reserved 1048576K
}
Event: 8.206 GC heap before
{Heap before GC invocations=3 (full 0):
 garbage-first heap   total 266240K, used 61326K [0x0000000700000000, 0x0000000800000000)
  region size 2048K, 19 young (38912K), 4 survivors (8192K)
 Metaspace       used 11288K, committed 11456K, reserved 1064960K
  class space    used 1338K, committed 1408K, reserved 1048576K
}
Event: 8.210 GC heap after
{Heap after GC invocations=4 (full 0):
 garbage-first heap   total 266240K, used 32694K [0x0000000700000000, 0x0000000800000000)
  region size 2048K, 2 young (4096K), 2 survivors (4096K)
 Metaspace       used 11288K, committed 11456K, reserved 1064960K
  class space    used 1338K, committed 1408K, reserved 1048576K
}
Event: 8.542 GC heap before
{Heap before GC invocations=4 (full 0):
 garbage-first heap   total 266240K, used 85942K [0x0000000700000000, 0x0000000800000000)
  region size 2048K, 28 young (57344K), 2 survivors (4096K)
 Metaspace       used 11324K, committed 11456K, reserved 1064960K
  class space    used 1342K, committed 1408K, reserved 1048576K
}
Event: 8.543 GC heap after
{Heap after GC invocations=5 (full 0):
 garbage-first heap   total 266240K, used 32195K [0x0000000700000000, 0x0000000800000000)
  region size 2048K, 1 young (2048K), 1 survivors (2048K)
 Metaspace       used 11324K, committed 11456K, reserved 1064960K
  class space    used 1342K, committed 1408K, reserved 1048576K
}
Event: 11.199 GC heap before
{Heap before GC invocations=5 (full 0):
 garbage-first heap   total 266240K, used 116163K [0x0000000700000000, 0x0000000800000000)
  region size 2048K, 42 young (86016K), 1 survivors (2048K)
 Metaspace       used 11373K, committed 11520K, reserved 1064960K
  class space    used 1342K, committed 1408K, reserved 1048576K
}
Event: 11.201 GC heap after
{Heap after GC invocations=6 (full 0):
 garbage-first heap   total 266240K, used 32233K [0x0000000700000000, 0x0000000800000000)
  region size 2048K, 1 young (2048K), 1 survivors (2048K)
 Metaspace       used 11373K, committed 11520K, reserved 1064960K
  class space    used 1342K, committed 1408K, reserved 1048576K
}

