# JRE version: OpenJDK Runtime Environment (17.0+35) (build 17+35-2724)
# Java VM: OpenJDK 64-Bit Server VM (17+35-2724, mixed mode, sharing, tiered, compressed oops, compressed class ptrs, g1 gc, bsd-aarch64)
GC Precious Log:
 CPUs: 8 total, 8 available
 Memory: 16384M
 Large Page Support: Disabled
 NUMA Support: Disabled
 Compressed Oops: Enabled (Zero based)
 Heap Region Size: 2M
 Heap Min Capacity: 8M
 Heap Initial Capacity: 256M
 Heap Max Capacity: 4G
 Pre-touch: Disabled
 Parallel Workers: 8
 Concurrent Workers: 2
 Concurrent Refinement Workers: 8
 Periodic GC: Disabled
Heap:
 garbage-first heap   total 266240K, used 148573K [0x0000000700000000, 0x0000000800000000)
  region size 2048K, 46 young (94208K), 2 survivors (4096K)
 Metaspace       used 8566K, committed 8768K, reserved 1064960K
  class space    used 1110K, committed 1216K, reserved 1048576K
GC Heap History (16 events):
Event: 0.281 GC heap before
{Heap before GC invocations=0 (full 0):
 garbage-first heap   total 266240K, used 24544K [0x0000000700000000, 0x0000000800000000)
  region size 2048K, 11 young (22528K), 0 survivors (0K)
 Metaspace       used 4428K, committed 4608K, reserved 1056768K
  class space    used 561K, committed 640K, reserved 1048576K
}
Event: 0.283 GC heap after
{Heap after GC invocations=1 (full 0):
 garbage-first heap   total 266240K, used 6123K [0x0000000700000000, 0x0000000800000000)
  region size 2048K, 2 young (4096K), 2 survivors (4096K)
 Metaspace       used 4428K, committed 4608K, reserved 1056768K
  class space    used 561K, committed 640K, reserved 1048576K
}
Event: 0.526 GC heap before
{Heap before GC invocations=1 (full 0):
 garbage-first heap   total 266240K, used 55275K [0x0000000700000000, 0x0000000800000000)
  region size 2048K, 26 young (53248K), 2 survivors (4096K)
 Metaspace       used 6979K, committed 7104K, reserved 1064960K
  class space    used 897K, committed 960K, reserved 1048576K
}
Event: 0.543 GC heap after
{Heap after GC invocations=2 (full 0):
 garbage-first heap   total 266240K, used 34732K [0x0000000700000000, 0x0000000800000000)
  region size 2048K, 4 young (8192K), 4 survivors (8192K)
 Metaspace       used 6979K, committed 7104K, reserved 1064960K
  class space    used 897K, committed 960K, reserved 1048576K
}
Event: 0.861 GC heap before
{Heap before GC invocations=2 (full 0):
 garbage-first heap   total 266240K, used 59308K [0x0000000700000000, 0x0000000800000000)
  region size 2048K, 16 young (32768K), 4 survivors (8192K)
 Metaspace       used 7902K, committed 8128K, reserved 1064960K
  class space    used 1008K, committed 1152K, reserved 1048576K
}
Event: 0.874 GC heap after
{Heap after GC invocations=3 (full 0):
 garbage-first heap   total 266240K, used 51053K [0x0000000700000000, 0x0000000800000000)
  region size 2048K, 2 young (4096K), 2 survivors (4096K)
 Metaspace       used 7902K, committed 8128K, reserved 1064960K
  class space    used 1008K, committed 1152K, reserved 1048576K
}
Event: 2.274 GC heap before
{Heap before GC invocations=3 (full 0):
 garbage-first heap   total 266240K, used 71533K [0x0000000700000000, 0x0000000800000000)
  region size 2048K, 12 young (24576K), 2 survivors (4096K)
 Metaspace       used 8010K, committed 8192K, reserved 1064960K
  class space    used 1019K, committed 1152K, reserved 1048576K
}
Event: 2.280 GC heap after
{Heap after GC invocations=4 (full 0):
 garbage-first heap   total 266240K, used 57312K [0x0000000700000000, 0x0000000800000000)
  region size 2048K, 2 young (4096K), 2 survivors (4096K)
 Metaspace       used 8010K, committed 8192K, reserved 1064960K
  class space    used 1019K, committed 1152K, reserved 1048576K
}
Event: 2.463 GC heap before
{Heap before GC invocations=4 (full 0):
 garbage-first heap   total 266240K, used 83936K [0x0000000700000000, 0x0000000800000000)
  region size 2048K, 15 young (30720K), 2 survivors (4096K)
 Metaspace       used 8012K, committed 8256K, reserved 1064960K
  class space    used 1019K, committed 1152K, reserved 1048576K
}
Event: 2.466 GC heap after
{Heap after GC invocations=5 (full 0):
 garbage-first heap   total 266240K, used 60509K [0x0000000700000000, 0x0000000800000000)
  region size 2048K, 2 young (4096K), 2 survivors (4096K)
 Metaspace       used 8012K, committed 8256K, reserved 1064960K
  class space    used 1019K, committed 1152K, reserved 1048576K
}
Event: 2.740 GC heap before
{Heap before GC invocations=5 (full 0):
 garbage-first heap   total 266240K, used 107613K [0x0000000700000000, 0x0000000800000000)
  region size 2048K, 25 young (51200K), 2 survivors (4096K)
 Metaspace       used 8023K, committed 8256K, reserved 1064960K
  class space    used 1019K, committed 1152K, reserved 1048576K
}
Event: 2.742 GC heap after
{Heap after GC invocations=6 (full 0):
 garbage-first heap   total 266240K, used 60767K [0x0000000700000000, 0x0000000800000000)
  region size 2048K, 3 young (6144K), 3 survivors (6144K)
 Metaspace       used 8023K, committed 8256K, reserved 1064960K
  class space    used 1019K, committed 1152K, reserved 1048576K
}
Event: 3.564 GC heap before
{Heap before GC invocations=6 (full 0):
 garbage-first heap   total 266240K, used 128351K [0x0000000700000000, 0x0000000800000000)
  region size 2048K, 36 young (73728K), 3 survivors (6144K)
 Metaspace       used 8161K, committed 8384K, reserved 1064960K
  class space    used 1055K, committed 1152K, reserved 1048576K
}
Event: 3.566 GC heap after
{Heap after GC invocations=7 (full 0):
 garbage-first heap   total 266240K, used 60637K [0x0000000700000000, 0x0000000800000000)
  region size 2048K, 3 young (6144K), 3 survivors (6144K)
 Metaspace       used 8161K, committed 8384K, reserved 1064960K
  class space    used 1055K, committed 1152K, reserved 1048576K
}
Event: 5.546 GC heap before
{Heap before GC invocations=7 (full 0):
 garbage-first heap   total 266240K, used 163037K [0x0000000700000000, 0x0000000800000000)
  region size 2048K, 53 young (108544K), 3 survivors (6144K)
 Metaspace       used 8195K, committed 8384K, reserved 1064960K
  class space    used 1055K, committed 1152K, reserved 1048576K
}
Event: 5.548 GC heap after
{Heap after GC invocations=8 (full 0):
 garbage-first heap   total 266240K, used 60509K [0x0000000700000000, 0x0000000800000000)
  region size 2048K, 2 young (4096K), 2 survivors (4096K)
 Metaspace       used 8195K, committed 8384K, reserved 1064960K
  class space    used 1055K, committed 1152K, reserved 1048576K
}

