# JRE version: Java(TM) SE Runtime Environment (17.0.3+8) (build 17.0.3+8-LTS-111)
# Java VM: Java HotSpot(TM) 64-Bit Server VM (17.0.3+8-LTS-111, mixed mode, sharing, tiered, compressed oops, compressed class ptrs, g1 gc, bsd-aarch64)
GC Precious Log:
 CPUs: 8 total, 8 available
 Memory: 16384M
 Large Page Support: Disabled
 NUMA Support: Disabled
 Compressed Oops: Enabled (Zero based)
 Heap Region Size: 2M
 Heap Min Capacity: 8M
 Heap Initial Capacity: 256M
 Heap Max Capacity: 4G
 Pre-touch: Disabled
 Parallel Workers: 8
 Concurrent Workers: 2
 Concurrent Refinement Workers: 8
 Periodic GC: Disabled
Heap:
 garbage-first heap   total 266240K, used 59472K [0x0000000700000000, 0x0000000800000000)
  region size 2048K, 16 young (32768K), 2 survivors (4096K)
 Metaspace       used 11350K, committed 11520K, reserved 1064960K
  class space    used 1340K, committed 1408K, reserved 1048576K
GC Heap History (8 events):
Event: 1.813 GC heap before
{Heap before GC invocations=0 (full 0):
 garbage-first heap   total 266240K, used 24544K [0x0000000700000000, 0x0000000800000000)
  region size 2048K, 11 young (22528K), 0 survivors (0K)
 Metaspace       used 6522K, committed 6656K, reserved 1056768K
  class space    used 782K, committed 832K, reserved 1048576K
}
Event: 1.815 GC heap after
{Heap after GC invocations=1 (full 0):
 garbage-first heap   total 266240K, used 4918K [0x0000000700000000, 0x0000000800000000)
  region size 2048K, 2 young (4096K), 2 survivors (4096K)
 Metaspace       used 6522K, committed 6656K, reserved 1056768K
  class space    used 782K, committed 832K, reserved 1048576K
}
Event: 4.806 GC heap before
{Heap before GC invocations=1 (full 0):
 garbage-first heap   total 266240K, used 60214K [0x0000000700000000, 0x0000000800000000)
  region size 2048K, 29 young (59392K), 2 survivors (4096K)
 Metaspace       used 7776K, committed 7936K, reserved 1056768K
  class space    used 886K, committed 960K, reserved 1048576K
}
Event: 4.812 GC heap after
{Heap after GC invocations=2 (full 0):
 garbage-first heap   total 266240K, used 16643K [0x0000000700000000, 0x0000000800000000)
  region size 2048K, 4 young (8192K), 4 survivors (8192K)
 Metaspace       used 7776K, committed 7936K, reserved 1056768K
  class space    used 886K, committed 960K, reserved 1048576K
}
Event: 5.361 GC heap before
{Heap before GC invocations=2 (full 0):
 garbage-first heap   total 266240K, used 49411K [0x0000000700000000, 0x0000000800000000)
  region size 2048K, 20 young (40960K), 4 survivors (8192K)
 Metaspace       used 10829K, committed 10944K, reserved 1064960K
  class space    used 1288K, committed 1344K, reserved 1048576K
}
Event: 5.378 GC heap after
{Heap after GC invocations=3 (full 0):
 garbage-first heap   total 266240K, used 30226K [0x0000000700000000, 0x0000000800000000)
  region size 2048K, 3 young (6144K), 3 survivors (6144K)
 Metaspace       used 10829K, committed 10944K, reserved 1064960K
  class space    used 1288K, committed 1344K, reserved 1048576K
}
Event: 6.904 GC heap before
{Heap before GC invocations=3 (full 0):
 garbage-first heap   total 266240K, used 58898K [0x0000000700000000, 0x0000000800000000)
  region size 2048K, 17 young (34816K), 3 survivors (6144K)
 Metaspace       used 11310K, committed 11520K, reserved 1064960K
  class space    used 1340K, committed 1408K, reserved 1048576K
}
Event: 6.908 GC heap after
{Heap after GC invocations=4 (full 0):
 garbage-first heap   total 266240K, used 32848K [0x0000000700000000, 0x0000000800000000)
  region size 2048K, 2 young (4096K), 2 survivors (4096K)
 Metaspace       used 11310K, committed 11520K, reserved 1064960K
  class space    used 1340K, committed 1408K, reserved 1048576K
}

