# JRE version: Java(TM) SE Runtime Environment (17.0.3+8) (build 17.0.3+8-LTS-111)
# Java VM: Java HotSpot(TM) 64-Bit Server VM (17.0.3+8-LTS-111, mixed mode, sharing, tiered, compressed oops, compressed class ptrs, g1 gc, bsd-aarch64)
GC Precious Log:
 CPUs: 8 total, 8 available
 Memory: 16384M
 Large Page Support: Disabled
 NUMA Support: Disabled
 Compressed Oops: Enabled (Zero based)
 Heap Region Size: 2M
 Heap Min Capacity: 8M
 Heap Initial Capacity: 256M
 Heap Max Capacity: 4G
 Pre-touch: Disabled
 Parallel Workers: 8
 Concurrent Workers: 2
 Concurrent Refinement Workers: 8
 Periodic GC: Disabled
Heap:
 garbage-first heap   total 266240K, used 61427K [0x0000000700000000, 0x0000000800000000)
  region size 2048K, 18 young (36864K), 2 survivors (4096K)
 Metaspace       used 11470K, committed 11648K, reserved 1064960K
  class space    used 1343K, committed 1408K, reserved 1048576K
GC Heap History (18 events):
Event: 1.914 GC heap before
{Heap before GC invocations=0 (full 0):
 garbage-first heap   total 266240K, used 24544K [0x0000000700000000, 0x0000000800000000)
  region size 2048K, 11 young (22528K), 0 survivors (0K)
 Metaspace       used 6519K, committed 6656K, reserved 1056768K
  class space    used 783K, committed 832K, reserved 1048576K
}
Event: 1.919 GC heap after
{Heap after GC invocations=1 (full 0):
 garbage-first heap   total 266240K, used 5230K [0x0000000700000000, 0x0000000800000000)
  region size 2048K, 2 young (4096K), 2 survivors (4096K)
 Metaspace       used 6519K, committed 6656K, reserved 1056768K
  class space    used 783K, committed 832K, reserved 1048576K
}
Event: 4.831 GC heap before
{Heap before GC invocations=1 (full 0):
 garbage-first heap   total 266240K, used 58478K [0x0000000700000000, 0x0000000800000000)
  region size 2048K, 28 young (57344K), 2 survivors (4096K)
 Metaspace       used 7727K, committed 7872K, reserved 1056768K
  class space    used 886K, committed 960K, reserved 1048576K
}
Event: 4.839 GC heap after
{Heap after GC invocations=2 (full 0):
 garbage-first heap   total 266240K, used 15136K [0x0000000700000000, 0x0000000800000000)
  region size 2048K, 4 young (8192K), 4 survivors (8192K)
 Metaspace       used 7727K, committed 7872K, reserved 1056768K
  class space    used 886K, committed 960K, reserved 1048576K
}
Event: 5.372 GC heap before
{Heap before GC invocations=2 (full 0):
 garbage-first heap   total 266240K, used 49952K [0x0000000700000000, 0x0000000800000000)
  region size 2048K, 21 young (43008K), 4 survivors (8192K)
 Metaspace       used 10790K, committed 10944K, reserved 1064960K
  class space    used 1288K, committed 1344K, reserved 1048576K
}
Event: 5.380 GC heap after
{Heap after GC invocations=3 (full 0):
 garbage-first heap   total 266240K, used 28975K [0x0000000700000000, 0x0000000800000000)
  region size 2048K, 3 young (6144K), 3 survivors (6144K)
 Metaspace       used 10790K, committed 10944K, reserved 1064960K
  class space    used 1288K, committed 1344K, reserved 1048576K
}
Event: 7.241 GC heap before
{Heap before GC invocations=3 (full 0):
 garbage-first heap   total 266240K, used 53551K [0x0000000700000000, 0x0000000800000000)
  region size 2048K, 15 young (30720K), 3 survivors (6144K)
 Metaspace       used 11277K, committed 11456K, reserved 1064960K
  class space    used 1339K, committed 1408K, reserved 1048576K
}
Event: 7.246 GC heap after
{Heap after GC invocations=4 (full 0):
 garbage-first heap   total 266240K, used 31102K [0x0000000700000000, 0x0000000800000000)
  region size 2048K, 2 young (4096K), 2 survivors (4096K)
 Metaspace       used 11277K, committed 11456K, reserved 1064960K
  class space    used 1339K, committed 1408K, reserved 1048576K
}
Event: 7.554 GC heap before
{Heap before GC invocations=4 (full 0):
 garbage-first heap   total 266240K, used 76158K [0x0000000700000000, 0x0000000800000000)
  region size 2048K, 24 young (49152K), 2 survivors (4096K)
 Metaspace       used 11316K, committed 11456K, reserved 1064960K
  class space    used 1343K, committed 1408K, reserved 1048576K
}
Event: 7.556 GC heap after
{Heap after GC invocations=5 (full 0):
 garbage-first heap   total 266240K, used 30764K [0x0000000700000000, 0x0000000800000000)
  region size 2048K, 2 young (4096K), 2 survivors (4096K)
 Metaspace       used 11316K, committed 11456K, reserved 1064960K
  class space    used 1343K, committed 1408K, reserved 1048576K
}
Event: 10.663 GC heap before
{Heap before GC invocations=5 (full 0):
 garbage-first heap   total 266240K, used 114732K [0x0000000700000000, 0x0000000800000000)
  region size 2048K, 43 young (88064K), 2 survivors (4096K)
 Metaspace       used 11368K, committed 11520K, reserved 1064960K
  class space    used 1343K, committed 1408K, reserved 1048576K
}
Event: 10.664 GC heap after
{Heap after GC invocations=6 (full 0):
 garbage-first heap   total 266240K, used 30711K [0x0000000700000000, 0x0000000800000000)
  region size 2048K, 2 young (4096K), 2 survivors (4096K)
 Metaspace       used 11368K, committed 11520K, reserved 1064960K
  class space    used 1343K, committed 1408K, reserved 1048576K
}
Event: 14.324 GC heap before
{Heap before GC invocations=6 (full 0):
 garbage-first heap   total 266240K, used 147447K [0x0000000700000000, 0x0000000800000000)
  region size 2048K, 59 young (120832K), 2 survivors (4096K)
 Metaspace       used 11400K, committed 11520K, reserved 1064960K
  class space    used 1343K, committed 1408K, reserved 1048576K
}
Event: 14.329 GC heap after
{Heap after GC invocations=7 (full 0):
 garbage-first heap   total 266240K, used 30579K [0x0000000700000000, 0x0000000800000000)
  region size 2048K, 1 young (2048K), 1 survivors (2048K)
 Metaspace       used 11400K, committed 11520K, reserved 1064960K
  class space    used 1343K, committed 1408K, reserved 1048576K
}
Event: 15.495 GC heap before
{Heap before GC invocations=7 (full 0):
 garbage-first heap   total 266240K, used 184179K [0x0000000700000000, 0x0000000800000000)
  region size 2048K, 76 young (155648K), 1 survivors (2048K)
 Metaspace       used 11422K, committed 11584K, reserved 1064960K
  class space    used 1343K, committed 1408K, reserved 1048576K
}
Event: 15.496 GC heap after
{Heap after GC invocations=8 (full 0):
 garbage-first heap   total 266240K, used 30779K [0x0000000700000000, 0x0000000800000000)
  region size 2048K, 2 young (4096K), 2 survivors (4096K)
 Metaspace       used 11422K, committed 11584K, reserved 1064960K
  class space    used 1343K, committed 1408K, reserved 1048576K
}
Event: 18.383 GC heap before
{Heap before GC invocations=8 (full 0):
 garbage-first heap   total 266240K, used 182331K [0x0000000700000000, 0x0000000800000000)
  region size 2048K, 76 young (155648K), 2 survivors (4096K)
 Metaspace       used 11470K, committed 11648K, reserved 1064960K
  class space    used 1343K, committed 1408K, reserved 1048576K
}
Event: 18.385 GC heap after
{Heap after GC invocations=9 (full 0):
 garbage-first heap   total 266240K, used 30707K [0x0000000700000000, 0x0000000800000000)
  region size 2048K, 2 young (4096K), 2 survivors (4096K)
 Metaspace       used 11470K, committed 11648K, reserved 1064960K
  class space    used 1343K, committed 1408K, reserved 1048576K
}

